<?xml version="1.0" encoding="UTF-8"?>
<!-- Generated by org.testng.reporters.JUnitReportReporter -->
<testsuite hostname="SWAPNIL-PC" failures="0" tests="1" name="AmazonPages.AmozaonListener" time="0.007" errors="0" timestamp="2024-08-11T00:03:56 IST" skipped="0">
  <testcase classname="AmazonPages.AmozaonListener" name="f" time="0.007"/>
  <system-out/>
</testsuite> <!-- AmazonPages.AmozaonListener -->
